#
# A fatal error has been detected by the Java Runtime Environment:
#
#  Internal Error (javaClasses.cpp:126), pid=29280, tid=25312
#  fatal error: Invalid layout of preloaded class
#
# JRE version:  (8.0_31-b13) (build )
# Java VM: Java HotSpot(TM) 64-Bit Server VM (25.31-b07 mixed mode windows-amd64 compressed oops)
# Failed to write core dump. Minidumps are not enabled by default on client versions of Windows
#
# If you would like to submit a bug report, please visit:
#   http://bugreport.java.com/bugreport/crash.jsp
#

---------------  T H R E A D  ---------------

Current thread (0x000000000265e000):  JavaThread "Unknown thread" [_thread_in_vm, id=25312, stack(0x00000000024a0000,0x00000000025a0000)]

Stack: [0x00000000024a0000,0x00000000025a0000]
[error occurred during error reporting (printing stack bounds), id 0xc0000005]

Native frames: (J=compiled Java code, j=interpreted, Vv=VM code, C=native code)
V  [jvm.dll+0x3169ba]
V  [jvm.dll+0x2674c3]
V  [jvm.dll+0x268103]
V  [jvm.dll+0x2885c4]
C  [KERNELBASE.dll+0x702fe]
C  [ntdll.dll+0x98cd2]
C  [ntdll.dll+0x84296]
C  [ntdll.dll+0x9666d]
C  [ntdll.dll+0x13c00]
C  [ntdll.dll+0x9577a]
V  [jvm.dll+0x206c01]


---------------  P R O C E S S  ---------------

Java Threads: ( => current thread )

Other Threads:

=>0x000000000265e000 (exited) JavaThread "Unknown thread" [_thread_in_vm, id=25312, stack(0x00000000024a0000,0x00000000025a0000)]

VM state:not at safepoint (not fully initialized)

VM Mutex/Monitor currently owned by a thread: None

GC Heap History (0 events):
No events

Deoptimization events (0 events):
No events

Internal exceptions (0 events):
No events

Events (10 events):
Event: 0.014 loading class java/lang/CharSequence done
Event: 0.014 loading class java/lang/String done
Event: 0.014 loading class java/lang/Class
Event: 0.014 loading class java/lang/reflect/AnnotatedElement
Event: 0.014 loading class java/lang/reflect/AnnotatedElement done
Event: 0.014 loading class java/lang/reflect/GenericDeclaration
Event: 0.014 loading class java/lang/reflect/GenericDeclaration done
Event: 0.014 loading class java/lang/reflect/Type
Event: 0.014 loading class java/lang/reflect/Type done
Event: 0.014 loading class java/lang/Class done


Dynamic libraries:
0x00007ff600150000 - 0x00007ff600184000 	C:\Program Files\Java\jre1.8.0_31\bin\javaw.exe
0x00007ffe77440000 - 0x00007ffe77602000 	C:\Windows\SYSTEM32\ntdll.dll
0x00007ffe76120000 - 0x00007ffe761cd000 	C:\Windows\system32\KERNEL32.DLL
0x00007ffe748a0000 - 0x00007ffe74a7d000 	C:\Windows\system32\KERNELBASE.dll
0x00007ffe76d30000 - 0x00007ffe76dd6000 	C:\Windows\system32\ADVAPI32.dll
0x00007ffe76080000 - 0x00007ffe7611d000 	C:\Windows\system32\msvcrt.dll
0x00007ffe76a60000 - 0x00007ffe76abb000 	C:\Windows\system32\sechost.dll
0x00007ffe76fa0000 - 0x00007ffe770c6000 	C:\Windows\system32\RPCRT4.dll
0x00007ffe76910000 - 0x00007ffe76a5e000 	C:\Windows\system32\USER32.dll
0x00007ffe76ac0000 - 0x00007ffe76c46000 	C:\Windows\system32\GDI32.dll
0x00007ffe685b0000 - 0x00007ffe68824000 	C:\Windows\WinSxS\amd64_microsoft.windows.common-controls_6595b64144ccf1df_6.0.10240.16384_none_f41f7b285750ef43\COMCTL32.dll
0x00007ffe76f60000 - 0x00007ffe76f96000 	C:\Windows\system32\IMM32.DLL
0x00007ffe767b0000 - 0x00007ffe7690c000 	C:\Windows\system32\MSCTF.dll
0x0000000062dc0000 - 0x0000000062e92000 	C:\Program Files\Java\jre1.8.0_31\bin\msvcr100.dll
0x00000000633d0000 - 0x0000000063c2a000 	C:\Program Files\Java\jre1.8.0_31\bin\server\jvm.dll
0x00007ffe76290000 - 0x00007ffe76298000 	C:\Windows\system32\PSAPI.DLL
0x00007ffe68050000 - 0x00007ffe68059000 	C:\Windows\SYSTEM32\WSOCK32.dll
0x00007ffe72530000 - 0x00007ffe72553000 	C:\Windows\SYSTEM32\WINMM.dll
0x00007ffe76de0000 - 0x00007ffe76e49000 	C:\Windows\system32\WS2_32.dll
0x00007ffe74ad0000 - 0x00007ffe74ad8000 	C:\Windows\system32\NSI.dll
0x0000000002470000 - 0x000000000249c000 	C:\Windows\SYSTEM32\WINMMBASE.dll
0x00007ffe74a80000 - 0x00007ffe74ac4000 	C:\Windows\system32\cfgmgr32.dll
0x00007ffe72700000 - 0x00007ffe72727000 	C:\Windows\SYSTEM32\DEVOBJ.dll
0x0000000063d90000 - 0x0000000063d9f000 	C:\Program Files\Java\jre1.8.0_31\bin\verify.dll
0x0000000063d60000 - 0x0000000063d88000 	C:\Program Files\Java\jre1.8.0_31\bin\java.dll
0x0000000063d40000 - 0x0000000063d56000 	C:\Program Files\Java\jre1.8.0_31\bin\zip.dll
0x00007ffe67450000 - 0x00007ffe675da000 	C:\Windows\SYSTEM32\dbghelp.dll

VM Arguments:
jvm_args: -Dfile.encoding=GBK -Xbootclasspath:F:\UC下载\adt-bundle-windows-x86_64-20140702\adt-bundle-windows-x86_64-20140702\sdk\platforms\android-19\android.jar 
java_command: com.fyzs.tool.SearchBook
java_class_path (initial): E:\安卓文件\slidingmenu_library\libs\android-support-v4.jar;E:\安卓文件\slidingmenu_library\bin\slidingmenu_library.jar;E:\安卓文件\slidingmenu_demo\bin\classes;F:\Google\下载\httpcomponents-client-4.5.2-bin\httpcomponents-client-4.5.2\lib\commons-codec-1.9.jar;F:\Google\下载\httpcomponents-client-4.5.2-bin\httpcomponents-client-4.5.2\lib\commons-logging-1.2.jar;F:\Google\下载\httpcomponents-client-4.5.2-bin\httpcomponents-client-4.5.2\lib\fluent-hc-4.5.2.jar;F:\Google\下载\httpcomponents-client-4.5.2-bin\httpcomponents-client-4.5.2\lib\httpclient-4.5.2.jar;F:\Google\下载\httpcomponents-client-4.5.2-bin\httpcomponents-client-4.5.2\lib\httpclient-cache-4.5.2.jar;F:\Google\下载\httpcomponents-client-4.5.2-bin\httpcomponents-client-4.5.2\lib\httpclient-win-4.5.2.jar;F:\Google\下载\httpcomponents-client-4.5.2-bin\httpcomponents-client-4.5.2\lib\httpcore-4.4.4.jar;F:\Google\下载\httpcomponents-client-4.5.2-bin\httpcomponents-client-4.5.2\lib\httpmime-4.5.2.jar;F:\Google\下载\httpcomponents-client-4.5.2-bin\httpcomponents-client-4.5.2\lib\jna-4.1.0.jar;F:\Google\下载\httpcomponents-client-4.5.2-bin\httpcomponents-client-4.5.2\lib\jna-platform-4.1.0.jar;F:\Google\下载\jsoup-1.9.2.jar
Launcher Type: SUN_STANDARD

Environment Variables:
JAVA_HOME=C:\Program Files\Java\jre1.8.0_31
CLASSPATH=.;C:\Program Files\Java\jre1.8.0_31\lib\rt.jar
PATH=C:/Program Files/Java/jre1.8.0_31/bin/server;C:/Program Files/Java/jre1.8.0_31/bin;C:/Program Files/Java/jre1.8.0_31/lib/amd64;E:\Program Files\python2.6.6;C:\Program Files (x86)\NVIDIA Corporation\PhysX\Common;E:\tomcat\apache-tomcat-7.0.65\lib;E:\tomcat\apache-tomcat-7.0.65\bin;C:\Program Files\Java\jre1.8.0_31\bin;C:\ProgramData\Oracle\Java\javapath;C:\Windows\system32;C:\Windows;C:\Windows\System32\Wbem;C:\Windows\System32\WindowsPowerShell\v1.0\;C:\Program Files (x86)\AMD\ATI.ACE\Core-Static;E:\Program Files\Microsoft SQL Server\120\DTS\Binn\;E:\Program Files\Microsoft SQL Server\Client SDK\ODBC\110\Tools\Binn\;E:\Program Files (x86)\Microsoft SQL Server\120\Tools\Binn\;E:\Program Files\Microsoft SQL Server\120\Tools\Binn\;E:\Program Files (x86)\Microsoft SQL Server\120\Tools\Binn\ManagementStudio\;E:\Program Files (x86)\Microsoft SQL Server\120\DTS\Binn\;C:\Program Files\Java\jdk1.8.0_31\bin;C:\Program Files (x86)\Windows Kits\8.1\Windows Performance Toolkit\;E:\Program Files\Microsoft SQL Server\110\Tools\Binn\;G:\mysql-5.6.24-winx64\bin;F:\UC下载\adt-bundle-windows-x86_64-20140702\adt-bundle-windows-x86_64-20140702\sdk\platforms;F:\UC下载\adt-bundle-windows-x86_64-20140702\adt-bundle-windows-x86_64-20140702\sdk\tools;F:\UC下载\adt-bundle-windows-x86_64-20140702\adt-bundle-windows-x86_64-20140702\sdk\platform-tools;C:\Program Files\Microsoft\Web Platform Installer\;C:\Users\sinyu\AppData\Local\Programs\Python\Python35\Scripts\;C:\Users\sinyu\AppData\Local\Programs\Python\Python35\;F:\UC下载\adt-bundle-windows-x86_64-20140702\adt-bundle-windows-x86_64-20140702\eclipse;
USERNAME=sinyu
OS=Windows_NT
PROCESSOR_IDENTIFIER=Intel64 Family 6 Model 60 Stepping 3, GenuineIntel



---------------  S Y S T E M  ---------------

OS: Windows 8.1 , 64 bit Build 9600 

CPU:total 4 (2 cores per cpu, 2 threads per core) family 6 model 60 stepping 3, cmov, cx8, fxsr, mmx, sse, sse2, sse3, ssse3, sse4.1, sse4.2, popcnt, avx, avx2, aes, clmul, erms, lzcnt, ht, tsc, tscinvbit, bmi1, bmi2

Memory: 4k page, physical 8302956k(2165552k free), swap 14636948k(2474900k free)

vm_info: Java HotSpot(TM) 64-Bit Server VM (25.31-b07) for windows-amd64 JRE (1.8.0_31-b13), built on Dec 17 2014 21:00:28 by "java_re" with MS VC++ 10.0 (VS2010)

time: Fri Jun 10 15:49:39 2016
elapsed time: 0 seconds (0d 0h 0m 0s)

